2025-02-24 15:27:05,175 - src.dotfiles.core.restore - INFO - RestoreManager initialized with backup directory: backups
2025-02-24 15:27:05,272 - src.dotfiles.core.restore - INFO - RestoreManager initialized with backup directory: backups
2025-02-24 15:27:05,338 - src.dotfiles.core.restore - INFO - Restoring program 'cursor' from /var/folders/jb/lh495_9138z0xmnj5_x4kt1h0000gn/T/tmpyhynf5t0/backups/source/main/20250224-152705 to /var/folders/jb/lh495_9138z0xmnj5_x4kt1h0000gn/T/tmpyhynf5t0/target
2025-02-24 15:27:05,338 - src.dotfiles.core.restore - INFO - Force flag is set, cleaning up existing files for program 'cursor'
2025-02-24 15:27:05,339 - src.dotfiles.core.restore - INFO - Removing file: /var/folders/jb/lh495_9138z0xmnj5_x4kt1h0000gn/T/tmpyhynf5t0/target/.cursorrules
2025-02-24 15:27:05,339 - src.dotfiles.core.restore - INFO - Restoring file: /var/folders/jb/lh495_9138z0xmnj5_x4kt1h0000gn/T/tmpyhynf5t0/backups/source/main/20250224-152705/cursor/.cursorrules -> /var/folders/jb/lh495_9138z0xmnj5_x4kt1h0000gn/T/tmpyhynf5t0/target/.cursorrules
2025-02-24 15:27:05,340 - src.dotfiles.core.restore - INFO - Successfully restored file: /var/folders/jb/lh495_9138z0xmnj5_x4kt1h0000gn/T/tmpyhynf5t0/target/.cursorrules
2025-02-24 15:27:05,340 - src.dotfiles.core.restore - INFO - Restoring directory: /var/folders/jb/lh495_9138z0xmnj5_x4kt1h0000gn/T/tmpyhynf5t0/backups/source/main/20250224-152705/cursor/.cursor -> /var/folders/jb/lh495_9138z0xmnj5_x4kt1h0000gn/T/tmpyhynf5t0/target/.cursor
2025-02-24 15:27:05,341 - src.dotfiles.core.restore - INFO - Successfully restored directory: /var/folders/jb/lh495_9138z0xmnj5_x4kt1h0000gn/T/tmpyhynf5t0/target/.cursor
2025-02-24 15:27:05,341 - src.dotfiles.core.restore - INFO - Successfully restored program 'cursor'
2025-02-24 15:27:05,341 - src.dotfiles.core.restore - INFO - Validating restore from /var/folders/jb/lh495_9138z0xmnj5_x4kt1h0000gn/T/tmpyhynf5t0/backups/source/main/20250224-152705 to /var/folders/jb/lh495_9138z0xmnj5_x4kt1h0000gn/T/tmpyhynf5t0/target
2025-02-24 15:27:05,341 - src.dotfiles.core.restore - INFO - Validating program 'cursor'
2025-02-24 15:27:05,341 - src.dotfiles.core.restore - INFO - File validated successfully: /var/folders/jb/lh495_9138z0xmnj5_x4kt1h0000gn/T/tmpyhynf5t0/target/.cursorrules
2025-02-24 15:27:05,342 - src.dotfiles.core.restore - INFO - Directory validated successfully: /var/folders/jb/lh495_9138z0xmnj5_x4kt1h0000gn/T/tmpyhynf5t0/target/.cursor
2025-02-24 15:27:05,342 - src.dotfiles.core.restore - INFO - All files validated successfully
2025-02-24 15:27:05,374 - src.dotfiles.core.restore - INFO - RestoreManager initialized with backup directory: backups
2025-02-24 15:27:05,461 - src.dotfiles.core.restore - INFO - Restoring program 'cursor' from /var/folders/jb/lh495_9138z0xmnj5_x4kt1h0000gn/T/tmpn42_aysj/backups/source/main/20250224-152705 to /var/folders/jb/lh495_9138z0xmnj5_x4kt1h0000gn/T/tmpn42_aysj/target
2025-02-24 15:27:05,462 - src.dotfiles.core.restore - INFO - Restoring file: /var/folders/jb/lh495_9138z0xmnj5_x4kt1h0000gn/T/tmpn42_aysj/backups/source/main/20250224-152705/cursor/.cursorrules -> /var/folders/jb/lh495_9138z0xmnj5_x4kt1h0000gn/T/tmpn42_aysj/target/.cursorrules
2025-02-24 15:27:05,462 - src.dotfiles.core.restore - INFO - Successfully restored file: /var/folders/jb/lh495_9138z0xmnj5_x4kt1h0000gn/T/tmpn42_aysj/target/.cursorrules
2025-02-24 15:27:05,462 - src.dotfiles.core.restore - INFO - Restoring directory: /var/folders/jb/lh495_9138z0xmnj5_x4kt1h0000gn/T/tmpn42_aysj/backups/source/main/20250224-152705/cursor/.cursor -> /var/folders/jb/lh495_9138z0xmnj5_x4kt1h0000gn/T/tmpn42_aysj/target/.cursor
2025-02-24 15:27:05,462 - src.dotfiles.core.restore - INFO - Successfully restored directory: /var/folders/jb/lh495_9138z0xmnj5_x4kt1h0000gn/T/tmpn42_aysj/target/.cursor
2025-02-24 15:27:05,462 - src.dotfiles.core.restore - INFO - Successfully restored program 'cursor'
2025-02-24 15:27:05,463 - src.dotfiles.core.restore - INFO - Restoring program 'vscode' from /var/folders/jb/lh495_9138z0xmnj5_x4kt1h0000gn/T/tmpn42_aysj/backups/source/main/20250224-152705 to /var/folders/jb/lh495_9138z0xmnj5_x4kt1h0000gn/T/tmpn42_aysj/target
2025-02-24 15:27:05,463 - src.dotfiles.core.restore - INFO - Restoring file: /var/folders/jb/lh495_9138z0xmnj5_x4kt1h0000gn/T/tmpn42_aysj/backups/source/main/20250224-152705/vscode/settings.json -> /var/folders/jb/lh495_9138z0xmnj5_x4kt1h0000gn/T/tmpn42_aysj/target/.vscode/settings.json
2025-02-24 15:27:05,463 - src.dotfiles.core.restore - INFO - Successfully restored file: /var/folders/jb/lh495_9138z0xmnj5_x4kt1h0000gn/T/tmpn42_aysj/target/.vscode/settings.json
2025-02-24 15:27:05,463 - src.dotfiles.core.restore - INFO - Restoring directory: /var/folders/jb/lh495_9138z0xmnj5_x4kt1h0000gn/T/tmpn42_aysj/backups/source/main/20250224-152705/vscode/.vscode -> /var/folders/jb/lh495_9138z0xmnj5_x4kt1h0000gn/T/tmpn42_aysj/target/.vscode
2025-02-24 15:27:05,463 - src.dotfiles.core.restore - INFO - Removing existing directory: /var/folders/jb/lh495_9138z0xmnj5_x4kt1h0000gn/T/tmpn42_aysj/target/.vscode
2025-02-24 15:27:05,463 - src.dotfiles.core.restore - INFO - Successfully restored directory: /var/folders/jb/lh495_9138z0xmnj5_x4kt1h0000gn/T/tmpn42_aysj/target/.vscode
2025-02-24 15:27:05,464 - src.dotfiles.core.restore - INFO - Successfully restored program 'vscode'
2025-02-24 15:27:05,464 - src.dotfiles.core.restore - INFO - Validating restore from /var/folders/jb/lh495_9138z0xmnj5_x4kt1h0000gn/T/tmpn42_aysj/backups/source/main/20250224-152705 to /var/folders/jb/lh495_9138z0xmnj5_x4kt1h0000gn/T/tmpn42_aysj/target
2025-02-24 15:27:05,464 - src.dotfiles.core.restore - INFO - Validating program 'cursor'
2025-02-24 15:27:05,464 - src.dotfiles.core.restore - INFO - File validated successfully: /var/folders/jb/lh495_9138z0xmnj5_x4kt1h0000gn/T/tmpn42_aysj/target/.cursorrules
2025-02-24 15:27:05,464 - src.dotfiles.core.restore - INFO - Directory validated successfully: /var/folders/jb/lh495_9138z0xmnj5_x4kt1h0000gn/T/tmpn42_aysj/target/.cursor
2025-02-24 15:27:05,464 - src.dotfiles.core.restore - INFO - Validating program 'vscode'
2025-02-24 15:27:05,464 - src.dotfiles.core.restore - INFO - File validated successfully: /var/folders/jb/lh495_9138z0xmnj5_x4kt1h0000gn/T/tmpn42_aysj/target/.vscode/settings.json
2025-02-24 15:27:05,464 - src.dotfiles.core.restore - INFO - Directory validated successfully: /var/folders/jb/lh495_9138z0xmnj5_x4kt1h0000gn/T/tmpn42_aysj/target/.vscode
2025-02-24 15:27:05,464 - src.dotfiles.core.restore - INFO - All files validated successfully
2025-02-24 15:27:05,499 - src.dotfiles.core.restore - INFO - RestoreManager initialized with backup directory: backups
2025-02-24 15:27:05,566 - src.dotfiles.core.restore - INFO - Restoring program 'cursor' from /var/folders/jb/lh495_9138z0xmnj5_x4kt1h0000gn/T/tmpomy09s3h/backups/source/main/20250224-152705 to /var/folders/jb/lh495_9138z0xmnj5_x4kt1h0000gn/T/tmpomy09s3h/target
2025-02-24 15:27:05,567 - src.dotfiles.core.restore - INFO - Restoring file: /var/folders/jb/lh495_9138z0xmnj5_x4kt1h0000gn/T/tmpomy09s3h/backups/source/main/20250224-152705/cursor/.cursorrules -> /var/folders/jb/lh495_9138z0xmnj5_x4kt1h0000gn/T/tmpomy09s3h/target/.cursorrules
2025-02-24 15:27:05,568 - src.dotfiles.core.restore - INFO - Successfully restored file: /var/folders/jb/lh495_9138z0xmnj5_x4kt1h0000gn/T/tmpomy09s3h/target/.cursorrules
2025-02-24 15:27:05,568 - src.dotfiles.core.restore - INFO - Restoring directory: /var/folders/jb/lh495_9138z0xmnj5_x4kt1h0000gn/T/tmpomy09s3h/backups/source/main/20250224-152705/cursor/.cursor -> /var/folders/jb/lh495_9138z0xmnj5_x4kt1h0000gn/T/tmpomy09s3h/target/.cursor
2025-02-24 15:27:05,569 - src.dotfiles.core.restore - INFO - Successfully restored directory: /var/folders/jb/lh495_9138z0xmnj5_x4kt1h0000gn/T/tmpomy09s3h/target/.cursor
2025-02-24 15:27:05,569 - src.dotfiles.core.restore - INFO - Successfully restored program 'cursor'
2025-02-24 15:27:05,569 - src.dotfiles.core.restore - INFO - Restoring program 'vscode' from /var/folders/jb/lh495_9138z0xmnj5_x4kt1h0000gn/T/tmpomy09s3h/backups/source/main/20250224-152705 to /var/folders/jb/lh495_9138z0xmnj5_x4kt1h0000gn/T/tmpomy09s3h/target
2025-02-24 15:27:05,569 - src.dotfiles.core.restore - INFO - Restoring file: /var/folders/jb/lh495_9138z0xmnj5_x4kt1h0000gn/T/tmpomy09s3h/backups/source/main/20250224-152705/vscode/settings.json -> /var/folders/jb/lh495_9138z0xmnj5_x4kt1h0000gn/T/tmpomy09s3h/target/.vscode/settings.json
2025-02-24 15:27:05,570 - src.dotfiles.core.restore - INFO - Successfully restored file: /var/folders/jb/lh495_9138z0xmnj5_x4kt1h0000gn/T/tmpomy09s3h/target/.vscode/settings.json
2025-02-24 15:27:05,570 - src.dotfiles.core.restore - INFO - Restoring directory: /var/folders/jb/lh495_9138z0xmnj5_x4kt1h0000gn/T/tmpomy09s3h/backups/source/main/20250224-152705/vscode/.vscode -> /var/folders/jb/lh495_9138z0xmnj5_x4kt1h0000gn/T/tmpomy09s3h/target/.vscode
2025-02-24 15:27:05,570 - src.dotfiles.core.restore - INFO - Removing existing directory: /var/folders/jb/lh495_9138z0xmnj5_x4kt1h0000gn/T/tmpomy09s3h/target/.vscode
2025-02-24 15:27:05,571 - src.dotfiles.core.restore - INFO - Successfully restored directory: /var/folders/jb/lh495_9138z0xmnj5_x4kt1h0000gn/T/tmpomy09s3h/target/.vscode
2025-02-24 15:27:05,571 - src.dotfiles.core.restore - INFO - Successfully restored program 'vscode'
2025-02-24 15:27:05,571 - src.dotfiles.core.restore - INFO - Validating restore from /var/folders/jb/lh495_9138z0xmnj5_x4kt1h0000gn/T/tmpomy09s3h/backups/source/main/20250224-152705 to /var/folders/jb/lh495_9138z0xmnj5_x4kt1h0000gn/T/tmpomy09s3h/target
2025-02-24 15:27:05,571 - src.dotfiles.core.restore - INFO - Validating program 'cursor'
2025-02-24 15:27:05,571 - src.dotfiles.core.restore - ERROR - File does not exist in target: /var/folders/jb/lh495_9138z0xmnj5_x4kt1h0000gn/T/tmpomy09s3h/target/.cursorrules
2025-02-24 15:27:05,571 - src.dotfiles.core.restore - INFO - Directory validated successfully: /var/folders/jb/lh495_9138z0xmnj5_x4kt1h0000gn/T/tmpomy09s3h/target/.cursor
2025-02-24 15:27:05,571 - src.dotfiles.core.restore - INFO - Validating program 'vscode'
2025-02-24 15:27:05,571 - src.dotfiles.core.restore - INFO - File validated successfully: /var/folders/jb/lh495_9138z0xmnj5_x4kt1h0000gn/T/tmpomy09s3h/target/.vscode/settings.json
2025-02-24 15:27:05,571 - src.dotfiles.core.restore - INFO - Directory validated successfully: /var/folders/jb/lh495_9138z0xmnj5_x4kt1h0000gn/T/tmpomy09s3h/target/.vscode
2025-02-24 15:27:05,571 - src.dotfiles.core.restore - WARNING - Some files failed validation
2025-02-24 15:27:05,632 - src.dotfiles.core.restore - INFO - RestoreManager initialized with backup directory: backups
2025-02-24 15:27:05,696 - src.dotfiles.core.restore - INFO - Restoring program 'cursor' from /var/folders/jb/lh495_9138z0xmnj5_x4kt1h0000gn/T/tmp67vad8mh/backups/source/main/20250224-152705 to /var/folders/jb/lh495_9138z0xmnj5_x4kt1h0000gn/T/tmp67vad8mh/target
2025-02-24 15:27:05,697 - src.dotfiles.core.restore - INFO - Restoring file: /var/folders/jb/lh495_9138z0xmnj5_x4kt1h0000gn/T/tmp67vad8mh/backups/source/main/20250224-152705/cursor/.cursorrules -> /var/folders/jb/lh495_9138z0xmnj5_x4kt1h0000gn/T/tmp67vad8mh/target/.cursorrules
2025-02-24 15:27:05,697 - src.dotfiles.core.restore - INFO - Successfully restored file: /var/folders/jb/lh495_9138z0xmnj5_x4kt1h0000gn/T/tmp67vad8mh/target/.cursorrules
2025-02-24 15:27:05,697 - src.dotfiles.core.restore - INFO - Restoring directory: /var/folders/jb/lh495_9138z0xmnj5_x4kt1h0000gn/T/tmp67vad8mh/backups/source/main/20250224-152705/cursor/.cursor -> /var/folders/jb/lh495_9138z0xmnj5_x4kt1h0000gn/T/tmp67vad8mh/target/.cursor
2025-02-24 15:27:05,698 - src.dotfiles.core.restore - INFO - Successfully restored directory: /var/folders/jb/lh495_9138z0xmnj5_x4kt1h0000gn/T/tmp67vad8mh/target/.cursor
2025-02-24 15:27:05,698 - src.dotfiles.core.restore - INFO - Successfully restored program 'cursor'
2025-02-24 15:27:05,698 - src.dotfiles.core.restore - INFO - Restoring program 'vscode' from /var/folders/jb/lh495_9138z0xmnj5_x4kt1h0000gn/T/tmp67vad8mh/backups/source/main/20250224-152705 to /var/folders/jb/lh495_9138z0xmnj5_x4kt1h0000gn/T/tmp67vad8mh/target
2025-02-24 15:27:05,698 - src.dotfiles.core.restore - INFO - Restoring file: /var/folders/jb/lh495_9138z0xmnj5_x4kt1h0000gn/T/tmp67vad8mh/backups/source/main/20250224-152705/vscode/settings.json -> /var/folders/jb/lh495_9138z0xmnj5_x4kt1h0000gn/T/tmp67vad8mh/target/.vscode/settings.json
2025-02-24 15:27:05,698 - src.dotfiles.core.restore - INFO - Successfully restored file: /var/folders/jb/lh495_9138z0xmnj5_x4kt1h0000gn/T/tmp67vad8mh/target/.vscode/settings.json
2025-02-24 15:27:05,698 - src.dotfiles.core.restore - INFO - Restoring directory: /var/folders/jb/lh495_9138z0xmnj5_x4kt1h0000gn/T/tmp67vad8mh/backups/source/main/20250224-152705/vscode/.vscode -> /var/folders/jb/lh495_9138z0xmnj5_x4kt1h0000gn/T/tmp67vad8mh/target/.vscode
2025-02-24 15:27:05,698 - src.dotfiles.core.restore - INFO - Removing existing directory: /var/folders/jb/lh495_9138z0xmnj5_x4kt1h0000gn/T/tmp67vad8mh/target/.vscode
2025-02-24 15:27:05,698 - src.dotfiles.core.restore - INFO - Successfully restored directory: /var/folders/jb/lh495_9138z0xmnj5_x4kt1h0000gn/T/tmp67vad8mh/target/.vscode
2025-02-24 15:27:05,699 - src.dotfiles.core.restore - INFO - Successfully restored program 'vscode'
2025-02-24 15:27:05,699 - src.dotfiles.core.restore - INFO - Validating restore from /var/folders/jb/lh495_9138z0xmnj5_x4kt1h0000gn/T/tmp67vad8mh/backups/source/main/20250224-152705 to /var/folders/jb/lh495_9138z0xmnj5_x4kt1h0000gn/T/tmp67vad8mh/target
2025-02-24 15:27:05,699 - src.dotfiles.core.restore - INFO - Validating program 'cursor'
2025-02-24 15:27:05,699 - src.dotfiles.core.restore - ERROR - File content mismatch: /var/folders/jb/lh495_9138z0xmnj5_x4kt1h0000gn/T/tmp67vad8mh/target/.cursorrules (backup: 14 bytes, target: 23 bytes)
2025-02-24 15:27:05,699 - src.dotfiles.core.restore - INFO - Directory validated successfully: /var/folders/jb/lh495_9138z0xmnj5_x4kt1h0000gn/T/tmp67vad8mh/target/.cursor
2025-02-24 15:27:05,699 - src.dotfiles.core.restore - INFO - Validating program 'vscode'
2025-02-24 15:27:05,699 - src.dotfiles.core.restore - INFO - File validated successfully: /var/folders/jb/lh495_9138z0xmnj5_x4kt1h0000gn/T/tmp67vad8mh/target/.vscode/settings.json
2025-02-24 15:27:05,700 - src.dotfiles.core.restore - INFO - Directory validated successfully: /var/folders/jb/lh495_9138z0xmnj5_x4kt1h0000gn/T/tmp67vad8mh/target/.vscode
2025-02-24 15:27:05,700 - src.dotfiles.core.restore - WARNING - Some files failed validation
2025-02-24 15:27:59,501 - src.dotfiles.core.restore - INFO - RestoreManager initialized with backup directory: backups
2025-02-24 15:28:45,465 - src.dotfiles.core.restore - INFO - RestoreManager initialized with backup directory: backups
2025-02-24 15:28:45,467 - src.dotfiles.core.restore - INFO - Restoring program 'cursor' from backups/nest-raycast-extension/main/20250224-150855 to /Users/chadwalters/source/raycast-extensions/extensions/nestcamera
2025-02-24 15:28:45,467 - src.dotfiles.core.restore - INFO - Force flag is set, cleaning up existing files for program 'cursor'
2025-02-24 15:28:45,468 - src.dotfiles.core.restore - INFO - Restoring file: backups/nest-raycast-extension/main/20250224-150855/cursor/.cursorrules -> /Users/chadwalters/source/raycast-extensions/extensions/nestcamera/.cursorrules
2025-02-24 15:28:45,468 - src.dotfiles.core.restore - INFO - Successfully restored file: /Users/chadwalters/source/raycast-extensions/extensions/nestcamera/.cursorrules
2025-02-24 15:28:45,468 - src.dotfiles.core.restore - INFO - Restoring directory: backups/nest-raycast-extension/main/20250224-150855/cursor/.cursor -> /Users/chadwalters/source/raycast-extensions/extensions/nestcamera/.cursor
2025-02-24 15:28:45,469 - src.dotfiles.core.restore - INFO - Successfully restored directory: /Users/chadwalters/source/raycast-extensions/extensions/nestcamera/.cursor
2025-02-24 15:28:45,469 - src.dotfiles.core.restore - INFO - Successfully restored program 'cursor'
2025-02-24 15:28:45,470 - src.dotfiles.core.restore - INFO - Restoring program 'git' from backups/nest-raycast-extension/main/20250224-150855 to /Users/chadwalters/source/raycast-extensions/extensions/nestcamera
2025-02-24 15:28:45,470 - src.dotfiles.core.restore - INFO - Force flag is set, cleaning up existing files for program 'git'
2025-02-24 15:28:45,470 - src.dotfiles.core.restore - INFO - Removing file: /Users/chadwalters/source/raycast-extensions/extensions/nestcamera/.gitignore
2025-02-24 15:28:45,470 - src.dotfiles.core.restore - INFO - Restoring file: backups/nest-raycast-extension/main/20250224-150855/git/.gitignore -> /Users/chadwalters/source/raycast-extensions/extensions/nestcamera/.gitignore
2025-02-24 15:28:45,470 - src.dotfiles.core.restore - INFO - Successfully restored file: /Users/chadwalters/source/raycast-extensions/extensions/nestcamera/.gitignore
2025-02-24 15:28:45,470 - src.dotfiles.core.restore - INFO - Successfully restored program 'git'
2025-02-24 15:28:45,471 - src.dotfiles.core.restore - INFO - Validating restore from backups/nest-raycast-extension/main/20250224-150855 to /Users/chadwalters/source/raycast-extensions/extensions/nestcamera
2025-02-24 15:28:45,471 - src.dotfiles.core.restore - INFO - Validating program 'cursor'
2025-02-24 15:28:45,471 - src.dotfiles.core.restore - INFO - File validated successfully: /Users/chadwalters/source/raycast-extensions/extensions/nestcamera/.cursorrules
2025-02-24 15:28:45,472 - src.dotfiles.core.restore - INFO - Directory validated successfully: /Users/chadwalters/source/raycast-extensions/extensions/nestcamera/.cursor
2025-02-24 15:28:45,472 - src.dotfiles.core.restore - INFO - Validating program 'git'
2025-02-24 15:28:45,472 - src.dotfiles.core.restore - INFO - File validated successfully: /Users/chadwalters/source/raycast-extensions/extensions/nestcamera/.gitignore
2025-02-24 15:28:45,472 - src.dotfiles.core.restore - INFO - All files validated successfully
